0 info it worked if it ends with ok
1 verbose cli [
1 verbose cli   '/usr/local/bin/node',
1 verbose cli   '/usr/local/lib/node_modules/cnpm/node_modules/.bin/npm',
1 verbose cli   '--userconfig=/Users/wangaidan/.cnpmrc',
1 verbose cli   '--disturl=https://npm.taobao.org/mirrors/node',
1 verbose cli   '--registry=https://registry.npm.taobao.org',
1 verbose cli   'run',
1 verbose cli   'serve'
1 verbose cli ]
2 info using npm@3.10.10
3 info using node@v12.16.1
4 verbose run-script [ 'preserve', 'serve', 'postserve' ]
5 info lifecycle goods-ui@0.1.0~preserve: goods-ui@0.1.0
6 silly lifecycle goods-ui@0.1.0~preserve: no script for preserve, continuing
7 info lifecycle goods-ui@0.1.0~serve: goods-ui@0.1.0
8 verbose lifecycle goods-ui@0.1.0~serve: unsafe-perm in lifecycle true
9 verbose lifecycle goods-ui@0.1.0~serve: PATH: /usr/local/lib/node_modules/cnpm/node_modules/npm/bin/node-gyp-bin:/Users/wangaidan/Library/Containers/com.tencent.xinWeChat/Data/Library/Application Support/com.tencent.xinWeChat/2.0b4.0.9/2ba9887ca7c7e7f1a931e695a874fc7c/Message/MessageTemp/72b020e499015e70f5bea823fc789ceb/File/goods-app/node_modules/.bin:/usr/local/bin:/usr/bin:/bin:/usr/sbin:/sbin:/Applications/VMware Fusion.app/Contents/Public
10 verbose lifecycle goods-ui@0.1.0~serve: CWD: /Users/wangaidan/Library/Containers/com.tencent.xinWeChat/Data/Library/Application Support/com.tencent.xinWeChat/2.0b4.0.9/2ba9887ca7c7e7f1a931e695a874fc7c/Message/MessageTemp/72b020e499015e70f5bea823fc789ceb/File/goods-app
11 silly lifecycle goods-ui@0.1.0~serve: Args: [ '-c', 'vue-cli-service serve' ]
12 info lifecycle goods-ui@0.1.0~serve: Failed to exec serve script
13 verbose stack Error: goods-ui@0.1.0 serve: `vue-cli-service serve`
13 verbose stack spawn ENOENT
13 verbose stack     at ChildProcess.<anonymous> (/usr/local/lib/node_modules/cnpm/node_modules/npm/lib/utils/spawn.js:33:16)
13 verbose stack     at ChildProcess.emit (events.js:311:20)
13 verbose stack     at maybeClose (internal/child_process.js:1021:16)
13 verbose stack     at Process.ChildProcess._handle.onexit (internal/child_process.js:286:5)
14 verbose pkgid goods-ui@0.1.0
15 verbose cwd /Users/wangaidan/Library/Containers/com.tencent.xinWeChat/Data/Library/Application Support/com.tencent.xinWeChat/2.0b4.0.9/2ba9887ca7c7e7f1a931e695a874fc7c/Message/MessageTemp/72b020e499015e70f5bea823fc789ceb/File/goods-app
16 error Darwin 20.2.0
17 error argv "/usr/local/bin/node" "/usr/local/lib/node_modules/cnpm/node_modules/.bin/npm" "--userconfig=/Users/wangaidan/.cnpmrc" "--disturl=https://npm.taobao.org/mirrors/node" "--registry=https://registry.npm.taobao.org" "run" "serve"
18 error node v12.16.1
19 error npm  v3.10.10
20 error file sh
21 error code ELIFECYCLE
22 error errno ENOENT
23 error syscall spawn
24 error goods-ui@0.1.0 serve: `vue-cli-service serve`
24 error spawn ENOENT
25 error Failed at the goods-ui@0.1.0 serve script 'vue-cli-service serve'.
25 error Make sure you have the latest version of node.js and npm installed.
25 error If you do, this is most likely a problem with the goods-ui package,
25 error not with npm itself.
25 error Tell the author that this fails on your system:
25 error     vue-cli-service serve
25 error You can get information on how to open an issue for this project with:
25 error     npm bugs goods-ui
25 error Or if that isn't available, you can get their info via:
25 error     npm owner ls goods-ui
25 error There is likely additional logging output above.
26 verbose exit [ 1, true ]
